0 info it worked if it ends with ok
1 verbose cli [ '/home/tobi/.nvm/v0.10.24/bin/node',
1 verbose cli   '/home/tobi/.nvm/v0.10.24/bin/npm',
1 verbose cli   'login' ]
2 info using npm@1.3.21
3 info using node@v0.10.24
4 error Error: default value must be string or number
4 error     at read (/home/tobi/.nvm/v0.10.24/lib/node_modules/npm/node_modules/read/lib/read.js:15:11)
4 error     at readEmail (/home/tobi/.nvm/v0.10.24/lib/node_modules/npm/lib/adduser.js:96:3)
4 error     at loop (/home/tobi/.nvm/v0.10.24/lib/node_modules/npm/lib/adduser.js:33:20)
4 error     at /home/tobi/.nvm/v0.10.24/lib/node_modules/npm/lib/adduser.js:89:5
4 error     at Interface.onLine (/home/tobi/.nvm/v0.10.24/lib/node_modules/npm/node_modules/read/lib/read.js:111:5)
4 error     at Interface.EventEmitter.emit (events.js:95:17)
4 error     at Interface._onLine (readline.js:202:10)
4 error     at Interface._line (readline.js:531:8)
4 error     at Interface._ttyWrite (readline.js:760:14)
4 error     at ReadStream.onkeypress (readline.js:99:10)
5 error If you need help, you may report this *entire* log,
5 error including the npm and node versions, at:
5 error     <http://github.com/isaacs/npm/issues>
6 error System Linux 3.8.0-35-generic
7 error command "/home/tobi/.nvm/v0.10.24/bin/node" "/home/tobi/.nvm/v0.10.24/bin/npm" "login"
8 error cwd /home/tobi/dev/projects/node-bediener
9 error node -v v0.10.24
10 error npm -v 1.3.21
11 verbose exit [ 1, true ]
